<?xml version="1.0" encoding="UTF-8" standalone="no"?>
<testsuite errors="0" failures="0" name="io.cucumber.core.plugin.JUnitFormatter" skipped="0" tests="2" time="23.4">
    <testcase classname="feature to test login functionality" name="Check login successfully with valid credentials" time="12.175">
        <system-out><![CDATA[Given browser is open.......................................................passed
Given user is on login page.................................................passed
When user enters user1 and 12345............................................passed
And user clicks on login button.............................................passed
Then user is navigated to the home page.....................................passed
And user closes the browser.................................................passed
]]></system-out>
    </testcase>
    <testcase classname="feature to test login functionality" name="Check login successfully with valid credentials 2" time="10.842">
        <system-out><![CDATA[Given browser is open.......................................................passed
Given user is on login page.................................................passed
When user enters user2 and 12345............................................passed
And user clicks on login button.............................................passed
Then user is navigated to the home page.....................................passed
And user closes the browser.................................................passed
]]></system-out>
    </testcase>
</testsuite>
